# JRE version: Java(TM) SE Runtime Environment (8.0_112-b15) (build 1.8.0_112-b15)
# Java VM: Java HotSpot(TM) 64-Bit Server VM (25.112-b15 mixed mode windows-amd64 compressed oops)
Heap:
 PSYoungGen      total 36864K, used 24246K [0x00000000d6b80000, 0x00000000d9480000, 0x0000000100000000)
  eden space 31744K, 65% used [0x00000000d6b80000,0x00000000d7feb5b8,0x00000000d8a80000)
  from space 5120K, 65% used [0x00000000d8f80000,0x00000000d92c2608,0x00000000d9480000)
  to   space 5120K, 0% used [0x00000000d8a80000,0x00000000d8a80000,0x00000000d8f80000)
 ParOldGen       total 44544K, used 8476K [0x0000000084200000, 0x0000000086d80000, 0x00000000d6b80000)
  object space 44544K, 19% used [0x0000000084200000,0x0000000084a47078,0x0000000086d80000)
 Metaspace       used 26138K, capacity 26380K, committed 26624K, reserved 1073152K
  class space    used 3246K, capacity 3322K, committed 3328K, reserved 1048576K
GC Heap History (10 events):
Event: 10.447 GC heap before
{Heap before GC invocations=1 (full 0):
 PSYoungGen      total 36864K, used 31744K [0x00000000d6b80000, 0x00000000d9480000, 0x0000000100000000)
  eden space 31744K, 100% used [0x00000000d6b80000,0x00000000d8a80000,0x00000000d8a80000)
  from space 5120K, 0% used [0x00000000d8f80000,0x00000000d8f80000,0x00000000d9480000)
  to   space 5120K, 0% used [0x00000000d8a80000,0x00000000d8a80000,0x00000000d8f80000)
 ParOldGen       total 84992K, used 0K [0x0000000084200000, 0x0000000089500000, 0x00000000d6b80000)
  object space 84992K, 0% used [0x0000000084200000,0x0000000084200000,0x0000000089500000)
 Metaspace       used 8830K, capacity 8904K, committed 9216K, reserved 1056768K
  class space    used 1144K, capacity 1172K, committed 1280K, reserved 1048576K
Event: 10.454 GC heap after
Heap after GC invocations=1 (full 0):
 PSYoungGen      total 36864K, used 5106K [0x00000000d6b80000, 0x00000000d9480000, 0x0000000100000000)
  eden space 31744K, 0% used [0x00000000d6b80000,0x00000000d6b80000,0x00000000d8a80000)
  from space 5120K, 99% used [0x00000000d8a80000,0x00000000d8f7c938,0x00000000d8f80000)
  to   space 5120K, 0% used [0x00000000d8f80000,0x00000000d8f80000,0x00000000d9480000)
 ParOldGen       total 84992K, used 886K [0x0000000084200000, 0x0000000089500000, 0x00000000d6b80000)
  object space 84992K, 1% used [0x0000000084200000,0x00000000842ddb50,0x0000000089500000)
 Metaspace       used 8830K, capacity 8904K, committed 9216K, reserved 1056768K
  class space    used 1144K, capacity 1172K, committed 1280K, reserved 1048576K
}
Event: 13.461 GC heap before
{Heap before GC invocations=2 (full 0):
 PSYoungGen      total 36864K, used 36850K [0x00000000d6b80000, 0x00000000d9480000, 0x0000000100000000)
  eden space 31744K, 100% used [0x00000000d6b80000,0x00000000d8a80000,0x00000000d8a80000)
  from space 5120K, 99% used [0x00000000d8a80000,0x00000000d8f7c938,0x00000000d8f80000)
  to   space 5120K, 0% used [0x00000000d8f80000,0x00000000d8f80000,0x00000000d9480000)
 ParOldGen       total 84992K, used 886K [0x0000000084200000, 0x0000000089500000, 0x00000000d6b80000)
  object space 84992K, 1% used [0x0000000084200000,0x00000000842ddb50,0x0000000089500000)
 Metaspace       used 13694K, capacity 13806K, committed 14080K, reserved 1060864K
  class space    used 1746K, capacity 1781K, committed 1792K, reserved 1048576K
Event: 13.471 GC heap after
Heap after GC invocations=2 (full 0):
 PSYoungGen      total 36864K, used 5105K [0x00000000d6b80000, 0x00000000d9480000, 0x0000000100000000)
  eden space 31744K, 0% used [0x00000000d6b80000,0x00000000d6b80000,0x00000000d8a80000)
  from space 5120K, 99% used [0x00000000d8f80000,0x00000000d947c7f0,0x00000000d9480000)
  to   space 5120K, 0% used [0x00000000d8a80000,0x00000000d8a80000,0x00000000d8f80000)
 ParOldGen       total 84992K, used 2786K [0x0000000084200000, 0x0000000089500000, 0x00000000d6b80000)
  object space 84992K, 3% used [0x0000000084200000,0x00000000844b8808,0x0000000089500000)
 Metaspace       used 13694K, capacity 13806K, committed 14080K, reserved 1060864K
  class space    used 1746K, capacity 1781K, committed 1792K, reserved 1048576K
}
Event: 14.420 GC heap before
{Heap before GC invocations=3 (full 0):
 PSYoungGen      total 36864K, used 33562K [0x00000000d6b80000, 0x00000000d9480000, 0x0000000100000000)
  eden space 31744K, 89% used [0x00000000d6b80000,0x00000000d874a160,0x00000000d8a80000)
  from space 5120K, 99% used [0x00000000d8f80000,0x00000000d947c7f0,0x00000000d9480000)
  to   space 5120K, 0% used [0x00000000d8a80000,0x00000000d8a80000,0x00000000d8f80000)
 ParOldGen       total 84992K, used 2786K [0x0000000084200000, 0x0000000089500000, 0x00000000d6b80000)
  object space 84992K, 3% used [0x0000000084200000,0x00000000844b8808,0x0000000089500000)
 Metaspace       used 20862K, capacity 21044K, committed 21296K, reserved 1069056K
  class space    used 2543K, capacity 2612K, committed 2688K, reserved 1048576K
Event: 14.431 GC heap after
Heap after GC invocations=3 (full 0):
 PSYoungGen      total 36864K, used 5112K [0x00000000d6b80000, 0x00000000d9480000, 0x0000000100000000)
  eden space 31744K, 0% used [0x00000000d6b80000,0x00000000d6b80000,0x00000000d8a80000)
  from space 5120K, 99% used [0x00000000d8a80000,0x00000000d8f7e030,0x00000000d8f80000)
  to   space 5120K, 0% used [0x00000000d8f80000,0x00000000d8f80000,0x00000000d9480000)
 ParOldGen       total 84992K, used 6215K [0x0000000084200000, 0x0000000089500000, 0x00000000d6b80000)
  object space 84992K, 7% used [0x0000000084200000,0x0000000084811ee8,0x0000000089500000)
 Metaspace       used 20862K, capacity 21044K, committed 21296K, reserved 1069056K
  class space    used 2543K, capacity 2612K, committed 2688K, reserved 1048576K
}
Event: 14.431 GC heap before
{Heap before GC invocations=4 (full 1):
 PSYoungGen      total 36864K, used 5112K [0x00000000d6b80000, 0x00000000d9480000, 0x0000000100000000)
  eden space 31744K, 0% used [0x00000000d6b80000,0x00000000d6b80000,0x00000000d8a80000)
  from space 5120K, 99% used [0x00000000d8a80000,0x00000000d8f7e030,0x00000000d8f80000)
  to   space 5120K, 0% used [0x00000000d8f80000,0x00000000d8f80000,0x00000000d9480000)
 ParOldGen       total 84992K, used 6215K [0x0000000084200000, 0x0000000089500000, 0x00000000d6b80000)
  object space 84992K, 7% used [0x0000000084200000,0x0000000084811ee8,0x0000000089500000)
 Metaspace       used 20862K, capacity 21044K, committed 21296K, reserved 1069056K
  class space    used 2543K, capacity 2612K, committed 2688K, reserved 1048576K
Event: 14.484 GC heap after
Heap after GC invocations=4 (full 1):
 PSYoungGen      total 36864K, used 0K [0x00000000d6b80000, 0x00000000d9480000, 0x0000000100000000)
  eden space 31744K, 0% used [0x00000000d6b80000,0x00000000d6b80000,0x00000000d8a80000)
  from space 5120K, 0% used [0x00000000d8a80000,0x00000000d8a80000,0x00000000d8f80000)
  to   space 5120K, 0% used [0x00000000d8f80000,0x00000000d8f80000,0x00000000d9480000)
 ParOldGen       total 44544K, used 8476K [0x0000000084200000, 0x0000000086d80000, 0x00000000d6b80000)
  object space 44544K, 19% used [0x0000000084200000,0x0000000084a47078,0x0000000086d80000)
 Metaspace       used 20862K, capacity 21044K, committed 21296K, reserved 1069056K
  class space    used 2543K, capacity 2612K, committed 2688K, reserved 1048576K
}
Event: 16.252 GC heap before
{Heap before GC invocations=5 (full 1):
 PSYoungGen      total 36864K, used 31744K [0x00000000d6b80000, 0x00000000d9480000, 0x0000000100000000)
  eden space 31744K, 100% used [0x00000000d6b80000,0x00000000d8a80000,0x00000000d8a80000)
  from space 5120K, 0% used [0x00000000d8a80000,0x00000000d8a80000,0x00000000d8f80000)
  to   space 5120K, 0% used [0x00000000d8f80000,0x00000000d8f80000,0x00000000d9480000)
 ParOldGen       total 44544K, used 8476K [0x0000000084200000, 0x0000000086d80000, 0x00000000d6b80000)
  object space 44544K, 19% used [0x0000000084200000,0x0000000084a47078,0x0000000086d80000)
 Metaspace       used 24114K, capacity 24384K, committed 24576K, reserved 1071104K
  class space    used 2966K, capacity 3064K, committed 3072K, reserved 1048576K
Event: 16.257 GC heap after
Heap after GC invocations=5 (full 1):
 PSYoungGen      total 36864K, used 3337K [0x00000000d6b80000, 0x00000000d9480000, 0x0000000100000000)
  eden space 31744K, 0% used [0x00000000d6b80000,0x00000000d6b80000,0x00000000d8a80000)
  from space 5120K, 65% used [0x00000000d8f80000,0x00000000d92c2608,0x00000000d9480000)
  to   space 5120K, 0% used [0x00000000d8a80000,0x00000000d8a80000,0x00000000d8f80000)
 ParOldGen       total 44544K, used 8476K [0x0000000084200000, 0x0000000086d80000, 0x00000000d6b80000)
  object space 44544K, 19% used [0x0000000084200000,0x0000000084a47078,0x0000000086d80000)
 Metaspace       used 24114K, capacity 24384K, committed 24576K, reserved 1071104K
  class space    used 2966K, capacity 3064K, committed 3072K, reserved 1048576K
}

